<?xml version="1.0" encoding="utf-8"?><testsuites name="pytest tests"><testsuite name="pytest" errors="0" failures="0" skipped="0" tests="18" time="8.287" timestamp="2026-06-18T12:41:12.650510+00:00" hostname="agent-env-3160a72c-78e5-4ffe-a3ce-3daebf36f4a1"><testcase classname="tests.test_final_pre_deploy.TestExports" name="test_export_pro_pdf" time="2.095" /><testcase classname="tests.test_final_pre_deploy.TestExports" name="test_export_pro_xlsx" time="0.224" /><testcase classname="tests.test_final_pre_deploy.TestExports" name="test_export_pro_csv" time="0.080" /><testcase classname="tests.test_final_pre_deploy.TestExports" name="test_export_perso_pdf" time="3.190" /><testcase classname="tests.test_final_pre_deploy.TestExports" name="test_tax_swiss_pdf" time="0.053" /><testcase classname="tests.test_final_pre_deploy.TestPrivacyMasked" name="test_reject_invalid_mode" time="0.059" /><testcase classname="tests.test_final_pre_deploy.TestPrivacyMasked" name="test_masked_mode_anonymises_personal_for_driver" time="0.567" /><testcase classname="tests.test_final_pre_deploy.TestPrivacyMasked" name="test_masked_mode_admin_sees_full_data" time="0.264" /><testcase classname="tests.test_final_pre_deploy.TestPrivacyMasked" name="test_masked_track_403_for_driver" time="0.359" /><testcase classname="tests.test_final_pre_deploy.TestSettings" name="test_get_settings" time="0.058" /><testcase classname="tests.test_final_pre_deploy.TestSettings" name="test_get_schedule" time="0.047" /><testcase classname="tests.test_final_pre_deploy.TestSettings" name="test_put_schedule" time="0.146" /><testcase classname="tests.test_final_pre_deploy.TestNotificationsPrefsRoundtrip" name="test_catalog_has_11_events" time="0.061" /><testcase classname="tests.test_final_pre_deploy.TestNotificationsPrefsRoundtrip" name="test_prefs_put_then_get_persists" time="0.176" /><testcase classname="tests.test_final_pre_deploy.TestNotificationsPrefsRoundtrip" name="test_test_endpoint_admin_only" time="0.457" /><testcase classname="tests.test_final_pre_deploy.TestConflictResolvedDispatch" name="test_resolve_dispatches_notification_log" time="0.135" /><testcase classname="tests.test_final_pre_deploy.TestDriverScoping" name="test_driver_trips_scoped" time="0.043" /><testcase classname="tests.test_final_pre_deploy.TestDriverScoping" name="test_driver_can_list_drivers_basic_info" time="0.180" /></testsuite></testsuites>