<?xml version="1.0" encoding="utf-8"?><testsuites name="pytest tests"><testsuite name="pytest" errors="0" failures="0" skipped="0" tests="26" time="4.195" timestamp="2026-06-19T13:49:38.350272+00:00" hostname="agent-env-3160a72c-78e5-4ffe-a3ce-3daebf36f4a1"><testcase classname="tests.test_fines_phase1.TestFinesMeta" name="test_meta_enums" time="0.575" /><testcase classname="tests.test_fines_phase1.TestFinesMeta" name="test_meta_vehicles_drivers" time="0.000" /><testcase classname="tests.test_fines_phase1.TestCreateFine" name="test_create_admin_full" time="0.059" /><testcase classname="tests.test_fines_phase1.TestCreateFine" name="test_dossier_sequential" time="0.112" /><testcase classname="tests.test_fines_phase1.TestCreateFine" name="test_create_manager_ok" time="0.389" /><testcase classname="tests.test_fines_phase1.TestCreateFine" name="test_create_driver_403" time="0.373" /><testcase classname="tests.test_fines_phase1.TestCreateFine" name="test_create_invalid_enum_400" time="0.051" /><testcase classname="tests.test_fines_phase1.TestListFines" name="test_driver_forbidden" time="0.045" /><testcase classname="tests.test_fines_phase1.TestListFines" name="test_list_admin" time="0.053" /><testcase classname="tests.test_fines_phase1.TestListFines" name="test_filter_status" time="0.054" /><testcase classname="tests.test_fines_phase1.TestListFines" name="test_filter_infraction_type" time="0.053" /><testcase classname="tests.test_fines_phase1.TestListFines" name="test_filter_min_max_amount" time="0.052" /><testcase classname="tests.test_fines_phase1.TestListFines" name="test_pagination" time="0.107" /><testcase classname="tests.test_fines_phase1.TestListFines" name="test_sort_desc_total_amount" time="0.050" /><testcase classname="tests.test_fines_phase1.TestListFines" name="test_sort_asc_total_amount" time="0.050" /><testcase classname="tests.test_fines_phase1.TestListFines" name="test_totals_aggregated_across_filtered_set" time="0.101" /><testcase classname="tests.test_fines_phase1.TestUpdateFine" name="test_patch_invalid_status" time="0.100" /><testcase classname="tests.test_fines_phase1.TestUpdateFine" name="test_patch_invalid_infraction" time="0.099" /><testcase classname="tests.test_fines_phase1.TestUpdateFine" name="test_patch_paid_autostamps_paid_at" time="0.154" /><testcase classname="tests.test_fines_phase1.TestUpdateFine" name="test_patch_recomputes_total" time="0.106" /><testcase classname="tests.test_fines_phase1.TestUpdateFine" name="test_patch_changes_vehicle_refreshes_plate" time="0.107" /><testcase classname="tests.test_fines_phase1.TestUpdateFine" name="test_patch_changes_driver_refreshes_name" time="0.109" /><testcase classname="tests.test_fines_phase1.TestDeleteFine" name="test_delete_manager_403" time="0.168" /><testcase classname="tests.test_fines_phase1.TestDeleteFine" name="test_delete_admin_then_404" time="0.149" /><testcase classname="tests.test_fines_phase1.TestStatsSummary" name="test_summary_shape" time="0.057" /><testcase classname="tests.test_fines_phase1.TestAuditLog" name="test_audit_entries_present" time="0.749" /></testsuite></testsuites>