<?xml version="1.0" encoding="utf-8"?><testsuites name="pytest tests"><testsuite name="pytest" errors="0" failures="0" skipped="0" tests="14" time="3.220" timestamp="2026-06-22T15:02:22.597091+00:00" hostname="agent-env-3160a72c-78e5-4ffe-a3ce-3daebf36f4a1"><testcase classname="tests.test_fines_phase2_identify.TestAutoIdentifyOnCreate" name="test_gps_match_creates_fine_with_driver" time="0.539" /><testcase classname="tests.test_fines_phase2_identify.TestAutoIdentifyOnCreate" name="test_ble_only_match_gives_95" time="0.053" /><testcase classname="tests.test_fines_phase2_identify.TestAutoIdentifyOnCreate" name="test_multi_source_boost_capped" time="0.058" /><testcase classname="tests.test_fines_phase2_identify.TestAutoIdentifyOnCreate" name="test_assignment_only_match_gives_60" time="0.050" /><testcase classname="tests.test_fines_phase2_identify.TestAutoIdentifyOnCreate" name="test_no_match_creates_clean_fine" time="0.046" /><testcase classname="tests.test_fines_phase2_identify.TestIdentifyDriverEndpoint" name="test_recompute_persists_and_audits" time="0.207" /><testcase classname="tests.test_fines_phase2_identify.TestIdentifyDriverEndpoint" name="test_identify_missing_inputs_400" time="0.087" /><testcase classname="tests.test_fines_phase2_identify.TestIdentifyDriverEndpoint" name="test_identify_404_unknown_id" time="0.050" /><testcase classname="tests.test_fines_phase2_identify.TestIdentifyDriverEndpoint" name="test_manager_can_identify" time="0.430" /><testcase classname="tests.test_fines_phase2_identify.TestIdentifyDriverEndpoint" name="test_driver_role_forbidden" time="0.443" /><testcase classname="tests.test_fines_phase2_identify.TestIdentifyCandidates" name="test_returns_all_sources_and_does_not_mutate" time="0.223" /><testcase classname="tests.test_fines_phase2_identify.TestIdentifyCandidates" name="test_candidates_400_missing_inputs" time="0.089" /><testcase classname="tests.test_fines_phase2_identify.TestManualDriverValidation" name="test_patch_with_driver_id_sets_validated_manually" time="0.092" /><testcase classname="tests.test_fines_phase2_identify.TestManualDriverValidation" name="test_patch_respects_explicit_false" time="0.703" /></testsuite></testsuites>