<?xml version="1.0" encoding="utf-8"?><testsuites name="pytest tests"><testsuite name="pytest" errors="0" failures="0" skipped="0" tests="21" time="17.548" timestamp="2026-06-22T15:34:47.024039+00:00" hostname="agent-env-3160a72c-78e5-4ffe-a3ce-3daebf36f4a1"><testcase classname="backend.tests.test_fines_phase3_5_6.TestPhase5OCR" name="test_ocr_invalid_content_type" time="0.607" /><testcase classname="backend.tests.test_fines_phase3_5_6.TestPhase5OCR" name="test_ocr_missing_file" time="0.146" /><testcase classname="backend.tests.test_fines_phase3_5_6.TestPhase5OCR" name="test_ocr_too_large" time="0.518" /><testcase classname="backend.tests.test_fines_phase3_5_6.TestPhase5OCR" name="test_ocr_driver_forbidden" time="0.464" /><testcase classname="backend.tests.test_fines_phase3_5_6.TestPhase5OCR" name="test_ocr_extract_success" time="11.456" /><testcase classname="backend.tests.test_fines_phase3_5_6.TestPhase6Exports" name="test_export_csv" time="0.116" /><testcase classname="backend.tests.test_fines_phase3_5_6.TestPhase6Exports" name="test_export_csv_with_filters" time="0.140" /><testcase classname="backend.tests.test_fines_phase3_5_6.TestPhase6Exports" name="test_export_excel" time="0.123" /><testcase classname="backend.tests.test_fines_phase3_5_6.TestPhase6Exports" name="test_export_pdf" time="0.121" /><testcase classname="backend.tests.test_fines_phase3_5_6.TestPhase6Exports" name="test_export_invalid_fmt" time="0.146" /><testcase classname="backend.tests.test_fines_phase3_5_6.TestPhase6Exports" name="test_export_driver_forbidden" time="0.102" /><testcase classname="backend.tests.test_fines_phase3_5_6.TestPhase3Documents" name="test_upload_invalid_kind" time="0.216" /><testcase classname="backend.tests.test_fines_phase3_5_6.TestPhase3Documents" name="test_upload_invalid_mime" time="0.101" /><testcase classname="backend.tests.test_fines_phase3_5_6.TestPhase3Documents" name="test_upload_empty_file" time="0.106" /><testcase classname="backend.tests.test_fines_phase3_5_6.TestPhase3Documents" name="test_upload_too_large" time="0.781" /><testcase classname="backend.tests.test_fines_phase3_5_6.TestPhase3Documents" name="test_upload_download_delete_flow" time="1.117" /><testcase classname="backend.tests.test_fines_phase3_5_6.TestPhase3Documents" name="test_manager_can_upload_and_delete" time="0.528" /><testcase classname="backend.tests.test_fines_phase3_5_6.TestPhase3Documents" name="test_driver_upload_forbidden" time="0.097" /><testcase classname="backend.tests.test_fines_phase3_5_6.TestPhase3StatsExtended" name="test_stats_extended_admin" time="0.098" /><testcase classname="backend.tests.test_fines_phase3_5_6.TestPhase3StatsExtended" name="test_stats_extended_manager_ok" time="0.104" /><testcase classname="backend.tests.test_fines_phase3_5_6.TestPhase3StatsExtended" name="test_stats_extended_driver_forbidden" time="0.105" /></testsuite></testsuites>