<?xml version="1.0" encoding="utf-8"?><testsuites name="pytest tests"><testsuite name="pytest" errors="0" failures="1" skipped="0" tests="26" time="5.630" timestamp="2026-07-31T08:58:09.055266+00:00" hostname="agent-env-3160a72c-78e5-4ffe-a3ce-3daebf36f4a1"><testcase classname="tests.test_fuel_phase1.TestDriverIsolation" name="test_driver_cannot_list_transactions" time="1.767" /><testcase classname="tests.test_fuel_phase1.TestDriverIsolation" name="test_driver_cannot_list_cards" time="0.101" /><testcase classname="tests.test_fuel_phase1.TestDriverIsolation" name="test_driver_cannot_get_refs" time="0.117" /><testcase classname="tests.test_fuel_phase1.TestDriverIsolation" name="test_driver_cannot_create_card" time="0.095" /><testcase classname="tests.test_fuel_phase1.TestDriverIsolation" name="test_driver_cannot_patch_match" time="0.206" /><testcase classname="tests.test_fuel_phase1.TestDriverIsolation" name="test_driver_cannot_read_other_tx_by_id" time="0.196" /><testcase classname="tests.test_fuel_phase1.TestDriverIsolation" name="test_driver_my_transactions_only_his" time="0.094" /><testcase classname="tests.test_fuel_phase1.TestDriverOwnTransaction" name="test_driver_sees_assigned_in_my_transactions" time="0.268" /><testcase classname="tests.test_fuel_phase1.TestDriverOwnTransaction" name="test_driver_can_get_own_tx_detail" time="0.098" /><testcase classname="tests.test_fuel_phase1.TestDriverOwnTransaction" name="test_driver_can_report_issue_on_own_tx" time="0.095" /><testcase classname="tests.test_fuel_phase1.TestDriverOwnTransaction" name="test_driver_can_upload_document" time="0.097" /><testcase classname="tests.test_fuel_phase1.TestDriverOwnTransaction" name="test_driver_cannot_report_on_other_tx" time="0.203" /><testcase classname="tests.test_fuel_phase1.TestLectureSeule" name="test_lecture_can_read_cards" time="0.099" /><testcase classname="tests.test_fuel_phase1.TestLectureSeule" name="test_lecture_can_read_transactions" time="0.097" /><testcase classname="tests.test_fuel_phase1.TestLectureSeule" name="test_lecture_can_read_overview" time="0.098" /><testcase classname="tests.test_fuel_phase1.TestLectureSeule" name="test_lecture_cannot_create_card" time="0.097" /><testcase classname="tests.test_fuel_phase1.TestLectureSeule" name="test_lecture_cannot_run_match" time="0.100" /><testcase classname="tests.test_fuel_phase1.TestLectureSeule" name="test_lecture_cannot_patch_match" time="0.197" /><testcase classname="tests.test_fuel_phase1.TestLectureSeule" name="test_lecture_cannot_report_issue" time="0.191" /><testcase classname="tests.test_fuel_phase1.TestManager" name="test_manager_can_read_transactions" time="0.096" /><testcase classname="tests.test_fuel_phase1.TestManager" name="test_manager_can_run_match" time="0.103" /><testcase classname="tests.test_fuel_phase1.TestManager" name="test_manager_cannot_create_card" time="0.095" /><testcase classname="tests.test_fuel_phase1.TestManager" name="test_manager_can_patch_match_with_reason" time="0.293" /><testcase classname="tests.test_fuel_phase1.TestMultiTenant" name="test_tenant_b_sees_no_default_cards" time="0.205" /><testcase classname="tests.test_fuel_phase1.TestMultiTenant" name="test_tenant_b_sees_no_default_transactions" time="0.223" /><testcase classname="tests.test_fuel_phase1.TestManualDedup" name="test_manual_dedup_409_then_force_200" time="0.288"><failure message="AssertionError: force expected 200, got 409 {&quot;detail&quot;:&quot;Doublon probable détecté (même carte, date, station, montant). Confirmez avec force=true si c'est bien une transaction distincte.&quot;}&#10;assert 409 in (200, 201)&#10; +  where 409 = &lt;Response [409]&gt;.status_code">tests/test_fuel_phase1.py:317: in test_manual_dedup_409_then_force_200
    assert r3.status_code in (200, 201), f"force expected 200, got {r3.status_code} {r3.text[:300]}"
E   AssertionError: force expected 200, got 409 {"detail":"Doublon probable détecté (même carte, date, station, montant). Confirmez avec force=true si c'est bien une transaction distincte."}
E   assert 409 in (200, 201)
E    +  where 409 = &lt;Response [409]&gt;.status_code</failure></testcase></testsuite></testsuites>