<?xml version="1.0" encoding="utf-8"?><testsuites name="pytest tests"><testsuite name="pytest" errors="0" failures="0" skipped="0" tests="9" time="3.358" timestamp="2026-07-31T11:04:45.840677+00:00" hostname="agent-env-3160a72c-78e5-4ffe-a3ce-3daebf36f4a1"><testcase classname="backend.tests.test_fuel_anomalies_regression.TestAnomaliesRBAC" name="test_get_anomalies_driver_403" time="1.927" /><testcase classname="backend.tests.test_fuel_anomalies_regression.TestAnomaliesRBAC" name="test_get_anomalies_lecture_200" time="0.099" /><testcase classname="backend.tests.test_fuel_anomalies_regression.TestAnomaliesRBAC" name="test_scan_lecture_403" time="0.101" /><testcase classname="backend.tests.test_fuel_anomalies_regression.TestAnomaliesRBAC" name="test_scan_manager_200" time="0.109" /><testcase classname="backend.tests.test_fuel_anomalies_regression.TestAnomaliesRBAC" name="test_decide_lecture_403" time="0.197" /><testcase classname="backend.tests.test_fuel_anomalies_regression.TestAnomaliesRBAC" name="test_vehicles_capacities_manager_403" time="0.106" /><testcase classname="backend.tests.test_fuel_anomalies_regression.TestAnomaliesRBAC" name="test_vehicles_capacities_admin_200" time="0.094" /><testcase classname="backend.tests.test_fuel_anomalies_regression.TestTenantIsolation" name="test_admin_b_sees_zero_anomalies" time="0.109" /><testcase classname="backend.tests.test_fuel_anomalies_regression.TestBlockingClosure" name="test_august_statement_blocked_by_critical_anomalies" time="0.301" /></testsuite></testsuites>