<?xml version="1.0" encoding="utf-8"?><testsuites name="pytest tests"><testsuite name="pytest" errors="0" failures="0" skipped="0" tests="17" time="18.391" timestamp="2026-08-17T16:56:56.631419+00:00" hostname="agent-env-3160a72c-78e5-4ffe-a3ce-3daebf36f4a1"><testcase classname="tests.test_iteration23_regression" name="test_01_create_driver_and_grant_access" time="1.284" /><testcase classname="tests.test_iteration23_regression" name="test_02_driver_login_ok" time="0.663" /><testcase classname="tests.test_iteration23_regression" name="test_03_generic_error_message" time="0.638" /><testcase classname="tests.test_iteration23_regression" name="test_04_brute_force_lockout" time="3.325" /><testcase classname="tests.test_iteration23_regression" name="test_05_multitenant_isolation" time="1.228" /><testcase classname="tests.test_iteration23_regression" name="test_06_deactivate_driver_blocks_login" time="1.373" /><testcase classname="tests.test_iteration23_regression" name="test_07_driver_claim_app" time="0.502" /><testcase classname="tests.test_iteration23_regression" name="test_08_app_plus_ble_simulation" time="1.363" /><testcase classname="tests.test_iteration23_regression" name="test_09_two_driver_conflict_and_resolve" time="1.302" /><testcase classname="tests.test_iteration23_regression" name="test_10_unidentified_trips_kept" time="0.109" /><testcase classname="tests.test_iteration23_regression" name="test_11_driver_change" time="0.195" /><testcase classname="tests.test_iteration23_regression" name="test_12_concurrent_claims" time="0.607" /><testcase classname="tests.test_iteration23_regression" name="test_13_ble_endpoints" time="0.561" /><testcase classname="tests.test_iteration23_regression" name="test_14_endpoint_robustness" time="3.744" /><testcase classname="tests.test_iteration23_regression" name="test_15_db_integrity" time="0.004" /><testcase classname="tests.test_iteration23_regression" name="test_16_ble_proof_script" time="1.223" /><testcase classname="tests.test_iteration23_regression" name="test_zz_final_cleanup" time="0.096" /></testsuite></testsuites>