<?xml version="1.0" encoding="utf-8"?><testsuites name="pytest tests"><testsuite name="pytest" errors="0" failures="0" skipped="0" tests="10" time="1.974" timestamp="2026-06-17T12:19:39.467297+00:00" hostname="agent-env-3160a72c-78e5-4ffe-a3ce-3daebf36f4a1"><testcase classname="backend.tests.test_iteration5" name="test_admin_can_access" time="0.471" /><testcase classname="backend.tests.test_iteration5" name="test_manager_can_access" time="0.413" /><testcase classname="backend.tests.test_iteration5" name="test_driver_forbidden" time="0.399" /><testcase classname="backend.tests.test_iteration5" name="test_unauthenticated_401" time="0.103" /><testcase classname="backend.tests.test_iteration5" name="test_counters_sum_and_row_schema" time="0.046" /><testcase classname="backend.tests.test_iteration5" name="test_model_classification_mapping" time="0.043" /><testcase classname="backend.tests.test_iteration5" name="test_single_vehicle_endpoint" time="0.092" /><testcase classname="backend.tests.test_iteration5" name="test_single_vehicle_404" time="0.045" /><testcase classname="backend.tests.test_iteration5" name="test_no_side_effects_after_two_scans" time="0.279" /><testcase classname="backend.tests.test_iteration5" name="test_privacy_scan_module_has_no_outbound_command_imports" time="0.003" /></testsuite></testsuites>