<?xml version="1.0" encoding="utf-8"?><testsuites name="pytest tests"><testsuite name="pytest" errors="0" failures="1" skipped="0" tests="26" time="6.107" timestamp="2026-07-22T10:39:03.952223+00:00" hostname="agent-env-3160a72c-78e5-4ffe-a3ce-3daebf36f4a1"><testcase classname="backend.tests.test_iteration18_readonly_invite.TestReadOnlyRole" name="test_readonly_login_ok_and_role_correct" time="0.512" /><testcase classname="backend.tests.test_iteration18_readonly_invite.TestReadOnlyRole" name="test_readonly_can_get_dashboard" time="0.066" /><testcase classname="backend.tests.test_iteration18_readonly_invite.TestReadOnlyRole" name="test_readonly_can_get_trips" time="0.144" /><testcase classname="backend.tests.test_iteration18_readonly_invite.TestReadOnlyRole" name="test_readonly_can_get_fines" time="0.046" /><testcase classname="backend.tests.test_iteration18_readonly_invite.TestReadOnlyRole" name="test_readonly_can_get_fines_stats_extended" time="0.052" /><testcase classname="backend.tests.test_iteration18_readonly_invite.TestReadOnlyRole" name="test_readonly_can_export_fines_csv" time="0.047" /><testcase classname="backend.tests.test_iteration18_readonly_invite.TestReadOnlyRole" name="test_readonly_can_get_tax_swiss_report" time="0.061" /><testcase classname="backend.tests.test_iteration18_readonly_invite.TestReadOnlyRole" name="test_readonly_write_fine_blocked" time="0.044" /><testcase classname="backend.tests.test_iteration18_readonly_invite.TestReadOnlyRole" name="test_readonly_classify_blocked" time="0.045" /><testcase classname="backend.tests.test_iteration18_readonly_invite.TestReadOnlyRole" name="test_readonly_settings_write_blocked" time="0.047" /><testcase classname="backend.tests.test_iteration18_readonly_invite.TestReadOnlyRole" name="test_readonly_create_user_blocked" time="0.048" /><testcase classname="backend.tests.test_iteration18_readonly_invite.TestReadOnlyRole" name="test_readonly_delete_blocked" time="0.045" /><testcase classname="backend.tests.test_iteration18_readonly_invite.TestReadOnlyRole" name="test_readonly_ble_simulate_blocked" time="0.047" /><testcase classname="backend.tests.test_iteration18_readonly_invite.TestReadOnlyRole" name="test_readonly_logout_allowed" time="0.378" /><testcase classname="backend.tests.test_iteration18_readonly_invite.TestReadOnlyRole" name="test_readonly_refresh_allowed" time="0.397" /><testcase classname="backend.tests.test_iteration18_readonly_invite.TestReadOnlyRole" name="test_admin_can_create_lecture_seule_user_and_cleanup" time="0.659" /><testcase classname="backend.tests.test_iteration18_readonly_invite.TestInvitationFlow" name="test_full_invitation_flow" time="1.450" /><testcase classname="backend.tests.test_iteration18_readonly_invite.TestInvitationFlow" name="test_invalid_token_returns_404" time="0.106" /><testcase classname="backend.tests.test_iteration18_readonly_invite.TestInvitationFlow" name="test_pending_invitation_exposed_in_drivers_list" time="0.213"><failure message="AssertionError: pending_invitation absent de la réponse GET /team/drivers — spec attend que le champ soit peuplé pour les chauffeurs avec une invitation en attente. Driver renvoyé: {'id': '27b8903e-ad4a-4696-9cf2-e7739e363a78', 'created_at': '2026-07-22T10:39:08.307965+00:00', 'name': 'TEST_PEND_a51a0d', 'internal_number': None, 'phone': None, 'email': '', 'active': True, 'ibutton_id': None, 'rfid_id': None, 'ble_id': None, 'group': None, 'start_date': None, 'end_date': None, 'tenant_id': 'default', 'account': None}&#10;assert None is not None">E   AssertionError: pending_invitation absent de la réponse GET /team/drivers — spec attend que le champ soit peuplé pour les chauffeurs avec une invitation en attente. Driver renvoyé: {'id': '27b8903e-ad4a-4696-9cf2-e7739e363a78', 'created_at': '2026-07-22T10:39:08.307965+00:00', 'name': 'TEST_PEND_a51a0d', 'internal_number': None, 'phone': None, 'email': '', 'active': True, 'ibutton_id': None, 'rfid_id': None, 'ble_id': None, 'group': None, 'start_date': None, 'end_date': None, 'tenant_id': 'default', 'account': None}
    assert None is not None</failure></testcase><testcase classname="backend.tests.test_iteration18_readonly_invite.TestImpersonationSessionsHistory" name="test_admin_sees_own_tenant_sessions" time="0.050" /><testcase classname="backend.tests.test_iteration18_readonly_invite.TestImpersonationSessionsHistory" name="test_manager_403" time="0.377" /><testcase classname="backend.tests.test_iteration18_readonly_invite.TestImpersonationSessionsHistory" name="test_impersonate_with_reason_stored" time="0.151" /><testcase classname="backend.tests.test_iteration18_readonly_invite.TestImpersonationSessionsHistory" name="test_impersonate_accepts_empty_body" time="0.103" /><testcase classname="backend.tests.test_iteration18_readonly_invite.TestImpersonationSessionsHistory" name="test_admin_b_isolated_from_default_tenant" time="0.466" /><testcase classname="backend.tests.test_iteration18_readonly_invite.TestImpersonationSessionsHistory" name="test_superadmin_tenant_id_all" time="0.368" /><testcase classname="backend.tests.test_iteration18_readonly_invite.TestImpersonationSessionsHistory" name="test_superadmin_tenant_id_specific" time="0.049" /></testsuite></testsuites>