<?xml version="1.0" encoding="utf-8"?><testsuites name="pytest tests"><testsuite name="pytest" errors="0" failures="0" skipped="3" tests="28" time="8.012" timestamp="2026-08-19T13:34:21.738426+00:00" hostname="agent-env-3160a72c-78e5-4ffe-a3ce-3daebf36f4a1"><testcase classname="tests.test_iteration25_energy_fixture.TestEnergyStatus" name="test_status_fixture_mode_with_warning" time="0.608" /><testcase classname="tests.test_iteration25_energy_fixture.TestEnergyStatus" name="test_status_accessible_to_driver" time="0.434" /><testcase classname="tests.test_iteration25_energy_fixture.TestEnergyTrips" name="test_envelopes_contract_and_scenario_coverage" time="0.408" /><testcase classname="tests.test_iteration25_energy_fixture.TestEnergyTrips" name="test_unknown_trip_id_returns_trip_not_found" time="0.125" /><testcase classname="tests.test_iteration25_energy_fixture.TestEnergyTrips" name="test_driver_gets_own_trips_200" time="0.100"><skipped type="pytest.skip" message="DATA: le chauffeur Jean Dupont n'a aucun trajet (0 driver_id + 0 assignment en base) — RBAC 'ses trajets' non vérifiable">/app/backend/tests/test_iteration25_energy_fixture.py:159: DATA: le chauffeur Jean Dupont n'a aucun trajet (0 driver_id + 0 assignment en base) — RBAC 'ses trajets' non vérifiable</skipped></testcase><testcase classname="tests.test_iteration25_energy_fixture.TestEnergyTrips" name="test_empty_ids_400" time="0.147" /><testcase classname="tests.test_iteration25_energy_fixture.TestEnergyTrips" name="test_unauthenticated_rejected" time="0.137" /><testcase classname="tests.test_iteration25_energy_fixture.TestTenantIsolation" name="test_tenant_b_cannot_read_default_trip" time="0.524" /><testcase classname="tests.test_iteration25_energy_fixture.TestTenantIsolation" name="test_driver_cannot_read_foreign_trip" time="0.587" /><testcase classname="tests.test_iteration25_energy_fixture.TestEnergyOverview" name="test_overview_admin_fixture" time="0.211" /><testcase classname="tests.test_iteration25_energy_fixture.TestEnergyOverview" name="test_overview_manager_allowed" time="0.514" /><testcase classname="tests.test_iteration25_energy_fixture.TestEnergyOverview" name="test_overview_driver_forbidden" time="0.138" /><testcase classname="tests.test_iteration25_energy_fixture.TestFuelRegression" name="test_endpoint_ok[/livre/fuel/widget-None]" time="0.135" /><testcase classname="tests.test_iteration25_energy_fixture.TestFuelRegression" name="test_endpoint_ok[/livre/fuel/overview-None]" time="0.141" /><testcase classname="tests.test_iteration25_energy_fixture.TestFuelRegression" name="test_endpoint_ok[/livre/fuel/transactions-params2]" time="0.148" /><testcase classname="tests.test_iteration25_energy_fixture.TestFuelRegression" name="test_endpoint_ok[/livre/fuel/cards-None]" time="0.154" /><testcase classname="tests.test_iteration25_energy_fixture.TestFuelRegression" name="test_endpoint_ok[/livre/fuel/statements-None]" time="0.134" /><testcase classname="tests.test_iteration25_energy_fixture.TestFuelRegression" name="test_endpoint_ok[/livre/fuel/anomalies-None]" time="0.157" /><testcase classname="tests.test_iteration25_energy_fixture.TestFuelRegression" name="test_endpoint_ok[/livre/dashboard-None]" time="0.161" /><testcase classname="tests.test_energy_contract" name="test_status_not_connected" time="0.503"><skipped type="pytest.skip" message="ENERGY_API_MODE=fixture actif dans l'environnement">/app/backend/tests/test_energy_contract.py:68: ENERGY_API_MODE=fixture actif dans l'environnement</skipped></testcase><testcase classname="tests.test_energy_contract" name="test_trips_unavailable_never_zero" time="0.322"><skipped type="pytest.skip" message="fixture mode — couvert par les tests unitaires">/app/backend/tests/test_energy_contract.py:81: fixture mode — couvert par les tests unitaires</skipped></testcase><testcase classname="tests.test_energy_contract" name="test_overview_rbac_and_shape" time="0.582" /><testcase classname="tests.test_energy_contract" name="test_trips_requires_auth_and_ids" time="0.396" /><testcase classname="tests.test_energy_contract" name="test_driver_cannot_read_foreign_trip" time="0.473" /><testcase classname="tests.test_energy_contract" name="test_tenant_isolation" time="0.622" /><testcase classname="tests.test_energy_contract" name="test_fixture_covers_all_contract_cases" time="0.041" /><testcase classname="tests.test_energy_contract" name="test_fixture_fleet_summary_contract" time="0.001" /><testcase classname="tests.test_energy_contract" name="test_default_mode_is_disconnected" time="0.001" /></testsuite></testsuites>