<?xml version="1.0" encoding="utf-8"?><testsuites name="pytest tests"><testsuite name="pytest" errors="0" failures="0" skipped="0" tests="3" time="6.674" timestamp="2026-07-21T11:27:11.751768+00:00" hostname="agent-env-3160a72c-78e5-4ffe-a3ce-3daebf36f4a1"><testcase classname="backend.tests.test_deploy_regression" name="test_health" time="5.724" /><testcase classname="backend.tests.test_deploy_regression" name="test_login_admin" time="0.381" /><testcase classname="backend.tests.test_deploy_regression" name="test_login_superadmin_and_list_tenants" time="0.403" /></testsuite></testsuites>