<?xml version="1.0" encoding="utf-8"?><testsuites name="pytest tests"><testsuite name="pytest" errors="0" failures="0" skipped="0" tests="19" time="6.542" timestamp="2026-07-22T10:02:02.241123+00:00" hostname="agent-env-3160a72c-78e5-4ffe-a3ce-3daebf36f4a1"><testcase classname="backend.tests.test_impersonation.TestAdminImpersonateStart" name="test_admin_start_returns_token" time="0.473" /><testcase classname="backend.tests.test_impersonation.TestAdminImpersonateStart" name="test_admin_cannot_impersonate_self" time="0.095" /><testcase classname="backend.tests.test_impersonation.TestAdminImpersonateStart" name="test_admin_cannot_impersonate_superadmin" time="0.421" /><testcase classname="backend.tests.test_impersonation.TestAdminImpersonateStart" name="test_manager_forbidden" time="0.782" /><testcase classname="backend.tests.test_impersonation.TestAdminImpersonateStart" name="test_admin_cannot_impersonate_other_tenant" time="0.415" /><testcase classname="backend.tests.test_impersonation.TestImpersonateExchange" name="test_exchange_returns_bearer_with_imp_claims" time="0.439" /><testcase classname="backend.tests.test_impersonation.TestImpersonateExchange" name="test_token_single_use" time="0.278" /><testcase classname="backend.tests.test_impersonation.TestImpersonateExchange" name="test_invalid_token" time="0.100" /><testcase classname="backend.tests.test_impersonation.TestNestingGuard" name="test_cannot_nest_impersonation" time="0.722" /><testcase classname="backend.tests.test_impersonation.TestSuperadminImpersonate" name="test_superadmin_cross_tenant" time="0.364" /><testcase classname="backend.tests.test_impersonation.TestSuperadminImpersonate" name="test_suspended_tenant_blocks_impersonation" time="0.528" /><testcase classname="backend.tests.test_impersonation.TestImpersonateEndAndAudit" name="test_impersonate_end_no_cookie_change" time="0.290" /><testcase classname="backend.tests.test_impersonation.TestImpersonateEndAndAudit" name="test_action_via_bearer_logs_impersonation_in_audit" time="0.665" /><testcase classname="backend.tests.test_impersonation.TestRegression" name="test_login_admin" time="0.074" /><testcase classname="backend.tests.test_impersonation.TestRegression" name="test_dashboard" time="0.066" /><testcase classname="backend.tests.test_impersonation.TestRegression" name="test_team_users" time="0.045" /><testcase classname="backend.tests.test_impersonation.TestRegression" name="test_team_drivers" time="0.046" /><testcase classname="backend.tests.test_impersonation.TestRegression" name="test_navixy_sso_invalid" time="0.525" /><testcase classname="backend.tests.test_impersonation.TestRegression" name="test_tenant_switcher_header" time="0.114" /></testsuite></testsuites>