<?xml version="1.0" encoding="utf-8"?><testsuites name="pytest tests"><testsuite name="pytest" errors="0" failures="0" skipped="0" tests="12" time="19.434" timestamp="2026-09-08T15:49:28.068320+00:00" hostname="agent-env-3160a72c-78e5-4ffe-a3ce-3daebf36f4a1"><testcase classname="backend.tests.test_iter35_reconciliation.TestPrivateModeLineage" name="test_driver_vehicles_list" time="0.737" /><testcase classname="backend.tests.test_iter35_reconciliation.TestPrivateModeLineage" name="test_private_mode_gate_fail_closed" time="0.326" /><testcase classname="backend.tests.test_iter35_reconciliation.TestPrivateModeLineage" name="test_driver_km_summary" time="0.154" /><testcase classname="backend.tests.test_iter35_reconciliation.TestPrivateModeLineage" name="test_driver_cannot_access_admin" time="0.157" /><testcase classname="backend.tests.test_iter35_reconciliation.TestEnergyVehicleAccess" name="test_a_get_18_vehicles_all" time="0.525" /><testcase classname="backend.tests.test_iter35_reconciliation.TestEnergyVehicleAccess" name="test_b_put_selected" time="0.148" /><testcase classname="backend.tests.test_iter35_reconciliation.TestEnergyVehicleAccess" name="test_c_driver_sees_only_2" time="0.145" /><testcase classname="backend.tests.test_iter35_reconciliation.TestEnergyVehicleAccess" name="test_d_claim_out_of_scope_403" time="0.330" /><testcase classname="backend.tests.test_iter35_reconciliation.TestEnergyReconciliationCache" name="test_preview_cache_hit_and_bypass" time="15.895" /><testcase classname="backend.tests.test_iter35_reconciliation.TestBevGuard" name="test_trips_no_zero_fuel" time="0.203" /><testcase classname="backend.tests.test_iter35_reconciliation.TestRBAC" name="test_admin_login" time="0.334" /><testcase classname="backend.tests.test_iter35_reconciliation.TestRBAC" name="test_driver_login" time="0.360" /></testsuite></testsuites>