<?xml version="1.0" encoding="utf-8"?><testsuites name="pytest tests"><testsuite name="pytest" errors="0" failures="1" skipped="0" tests="27" time="15.878" timestamp="2026-08-18T06:28:57.739408+00:00" hostname="agent-env-3160a72c-78e5-4ffe-a3ce-3daebf36f4a1"><testcase classname="tests.test_phase3_admin_driver.TestA_Overview" name="test_admin_overview_jean" time="0.592" /><testcase classname="tests.test_phase3_admin_driver.TestA_Overview" name="test_manager_can_read_overview" time="1.181" /><testcase classname="tests.test_phase3_admin_driver.TestA_Overview" name="test_overview_404_unknown" time="0.194" /><testcase classname="tests.test_phase3_admin_driver.TestB_Disable" name="test_disable_driver_blocks_login" time="1.891" /><testcase classname="tests.test_phase3_admin_driver.TestB_Disable" name="test_disable_user_blocks_login" time="1.440" /><testcase classname="tests.test_phase3_admin_driver.TestCD_BleTag" name="test_assign_and_remove_tag" time="0.430" /><testcase classname="tests.test_phase3_admin_driver.TestCD_BleTag" name="test_duplicate_tag_rejected" time="0.655" /><testcase classname="tests.test_phase3_admin_driver.TestSessions" name="test_E_claim_session_in_overview" time="0.787" /><testcase classname="tests.test_phase3_admin_driver.TestSessions" name="test_F_history_only_this_driver" time="0.187" /><testcase classname="tests.test_phase3_admin_driver.TestSessions" name="test_M_stop_active_session" time="0.797" /><testcase classname="tests.test_phase3_admin_driver.TestSessions" name="test_N_stop_without_session_and_idempotent" time="0.610" /><testcase classname="tests.test_phase3_admin_driver.TestSessions" name="test_O_stop_doesnt_touch_other_driver" time="1.281" /><testcase classname="tests.test_phase3_admin_driver.TestSessions" name="test_O_admin_stop_400" time="0.119" /><testcase classname="tests.test_phase3_admin_driver.TestKPIs" name="test_dashboard_kpi_keys" time="0.150" /><testcase classname="tests.test_phase3_admin_driver.TestKPIs" name="test_kpi_matches_mongo_counts" time="0.143" /><testcase classname="tests.test_phase3_admin_driver.TestKPIs" name="test_J_sessions_filter_by_source" time="0.114" /><testcase classname="tests.test_phase3_admin_driver.TestKPIs" name="test_J_sessions_filter_by_driver_and_vehicle" time="0.125" /><testcase classname="tests.test_phase3_admin_driver.TestKPIs" name="test_L_unidentified_from_trips" time="0.124" /><testcase classname="tests.test_phase3_admin_driver.TestK_Conflict" name="test_conflict_created_and_resolved" time="1.352"><failure message="assert None is not None">tests/test_phase3_admin_driver.py:527: in test_conflict_created_and_resolved
    assert aud is not None
E   assert None is not None</failure></testcase><testcase classname="tests.test_phase3_admin_driver.TestP_MultiTenant" name="test_tenant_b_cannot_see_default_drivers" time="0.437" /><testcase classname="tests.test_phase3_admin_driver.TestP_MultiTenant" name="test_tenant_b_overview_404" time="0.099" /><testcase classname="tests.test_phase3_admin_driver.TestP_MultiTenant" name="test_tenant_b_patch_404" time="0.109" /><testcase classname="tests.test_phase3_admin_driver.TestP_MultiTenant" name="test_tenant_b_reset_pw_404" time="0.129" /><testcase classname="tests.test_phase3_admin_driver.TestQ_ResetPassword" name="test_reset_password_flow" time="1.332" /><testcase classname="tests.test_phase3_admin_driver.TestQ_ResetPassword" name="test_manager_cannot_reset" time="0.995" /><testcase classname="tests.test_phase3_admin_driver.TestR_CreateDriver" name="test_create_computes_name" time="0.103" /><testcase classname="tests.test_phase3_admin_driver.TestR_CreateDriver" name="test_create_without_name_fails" time="0.150" /></testsuite></testsuites>