<?xml version="1.0" encoding="utf-8"?><testsuites name="pytest tests"><testsuite name="pytest" errors="0" failures="1" skipped="0" tests="24" time="119.212" timestamp="2026-09-08T14:06:32.179140+00:00" hostname="agent-env-3160a72c-78e5-4ffe-a3ce-3daebf36f4a1"><testcase classname="tests.test_energy_cache.TestCacheModule" name="test_miss_initial" time="0.110" /><testcase classname="tests.test_energy_cache.TestCacheModule" name="test_hit_dans_ttl" time="0.000" /><testcase classname="tests.test_energy_cache.TestCacheModule" name="test_expiration_puis_miss" time="0.101" /><testcase classname="tests.test_energy_cache.TestCacheModule" name="test_tenant_journal_different_miss" time="0.000" /><testcase classname="tests.test_energy_cache.TestCacheModule" name="test_energy_tenant_different_miss" time="0.000" /><testcase classname="tests.test_energy_cache.TestCacheModule" name="test_periode_differente_miss" time="0.000" /><testcase classname="tests.test_energy_cache.TestCacheModule" name="test_vehicule_different_miss" time="0.000" /><testcase classname="tests.test_energy_cache.TestCacheModule" name="test_null_reste_null" time="0.000" /><testcase classname="tests.test_energy_cache.TestCacheModule" name="test_erreur_energy_jamais_conservee_au_ttl_normal" time="0.101" /><testcase classname="tests.test_energy_cache.TestCacheModule" name="test_token_jamais_logge" time="0.001" /><testcase classname="tests.test_energy_cache.TestCacheE2E" name="test_miss_initial_e2e" time="8.571" /><testcase classname="tests.test_energy_cache.TestCacheE2E" name="test_hit_dans_ttl_e2e" time="0.000" /><testcase classname="tests.test_energy_cache.TestCacheE2E" name="test_rows_strictement_identiques_depuis_cache" time="0.000" /><testcase classname="tests.test_energy_cache.TestCacheE2E" name="test_null_jamais_zero_e2e" time="0.000" /><testcase classname="tests.test_energy_cache.TestCacheE2E" name="test_metriques_intactes_e2e" time="0.000" /><testcase classname="tests.test_energy_cache.TestCacheE2E" name="test_stale_conserve_e2e" time="7.682" /><testcase classname="tests.test_energy_cache.TestCacheE2E" name="test_refresh_bypass_e2e" time="7.794" /><testcase classname="tests.test_energy_cache.TestCacheE2E" name="test_periode_differente_miss_e2e" time="7.453" /><testcase classname="tests.test_energy_cache.TestCacheE2E" name="test_vehicule_different_miss_e2e" time="37.743" /><testcase classname="tests.test_energy_cache.TestCacheE2E" name="test_fail_closed_tenant_b_aucun_cache_vehicule" time="0.936" /><testcase classname="tests.test_energy_cache.TestCacheE2E" name="test_isolation_tenant_b_ne_recupere_jamais_tenant_a" time="0.183" /><testcase classname="tests.test_energy_cache.TestCacheE2E" name="test_xlsx_reutilise_cache_preview" time="21.100"><failure message="AssertionError: XLSX doit réutiliser le cache : preview=8.4s xlsx=12.7s&#10;assert 12.65950359904673 &lt; 4.219650195009308&#10; +  where 4.219650195009308 = max((8.439300390018616 * 0.5), 3.0)">tests/test_energy_cache.py:292: in test_xlsx_reutilise_cache_preview
    assert xlsx_s &lt; max(miss_s * 0.5, 3.0), \
E   AssertionError: XLSX doit réutiliser le cache : preview=8.4s xlsx=12.7s
E   assert 12.65950359904673 &lt; 4.219650195009308
E    +  where 4.219650195009308 = max((8.439300390018616 * 0.5), 3.0)</failure></testcase><testcase classname="tests.test_energy_cache.TestCacheE2E" name="test_pdf_reutilise_cache_preview" time="20.274" /><testcase classname="tests.test_energy_cache.TestCacheE2E" name="test_token_absent_des_logs_backend" time="7.019" /></testsuite></testsuites>