<?xml version="1.0" encoding="utf-8"?><testsuites name="pytest tests"><testsuite name="pytest" errors="0" failures="0" skipped="0" tests="16" time="8.336" timestamp="2026-07-22T09:24:11.222556+00:00" hostname="agent-env-3160a72c-78e5-4ffe-a3ce-3daebf36f4a1"><testcase classname="backend.tests.test_administration.TestAdminUsers" name="test_list_users" time="0.406" /><testcase classname="backend.tests.test_administration.TestAdminUsers" name="test_create_update_delete_user" time="0.796" /><testcase classname="backend.tests.test_administration.TestAdminUsers" name="test_cannot_delete_self" time="0.360" /><testcase classname="backend.tests.test_administration.TestAdminUsers" name="test_cannot_demote_self" time="0.364" /><testcase classname="backend.tests.test_administration.TestRegisterRoleValidation" name="test_register_superadmin_forbidden" time="0.376" /><testcase classname="backend.tests.test_administration.TestRegisterRoleValidation" name="test_register_invalid_role" time="0.370" /><testcase classname="backend.tests.test_administration.TestManagerAccess" name="test_users_forbidden" time="0.361" /><testcase classname="backend.tests.test_administration.TestManagerAccess" name="test_drivers_allowed" time="0.391" /><testcase classname="backend.tests.test_administration.TestTenantIsolation" name="test_admin_b_isolated" time="0.774" /><testcase classname="backend.tests.test_administration.TestTenantIsolation" name="test_admin_b_drivers_isolated" time="0.732" /><testcase classname="backend.tests.test_administration.TestDriversCRUD" name="test_list_drivers_with_paul" time="0.368" /><testcase classname="backend.tests.test_administration.TestDriversCRUD" name="test_create_edit_toggle_driver" time="0.496" /><testcase classname="backend.tests.test_administration.TestDriversCRUD" name="test_grant_and_unlink_access" time="1.135" /><testcase classname="backend.tests.test_administration.TestNavixySSO" name="test_sso_promotes_master_to_admin" time="0.555" /><testcase classname="backend.tests.test_administration.TestRegression" name="test_superadmin_tenants" time="0.380" /><testcase classname="backend.tests.test_administration.TestRegression" name="test_admin_fines_list" time="0.403" /></testsuite></testsuites>