<?xml version="1.0" encoding="utf-8"?><testsuites name="pytest tests"><testsuite name="pytest" errors="0" failures="1" skipped="0" tests="16" time="2.988" timestamp="2026-06-16T14:34:31.948272+00:00" hostname="agent-env-3160a72c-78e5-4ffe-a3ce-3daebf36f4a1"><testcase classname="backend.tests.test_iteration4.TestGroupsCompanies" name="test_groups_shape_nonempty" time="0.524" /><testcase classname="backend.tests.test_iteration4.TestGroupsCompanies" name="test_companies_shape_nonempty" time="0.049" /><testcase classname="backend.tests.test_iteration4.TestGroupsCompanies" name="test_manager_can_list_groups_and_companies" time="0.501" /><testcase classname="backend.tests.test_iteration4.TestDashboardFilters" name="test_dashboard_kpi_new_fields" time="0.074" /><testcase classname="backend.tests.test_iteration4.TestDashboardFilters" name="test_dashboard_group_filter_valid_200" time="0.046" /><testcase classname="backend.tests.test_iteration4.TestDashboardFilters" name="test_dashboard_company_filter_logitrak" time="0.141" /><testcase classname="backend.tests.test_iteration4.TestDashboardFilters" name="test_dashboard_group_changes_results_or_at_least_valid" time="0.113" /><testcase classname="backend.tests.test_iteration4.TestTripsFilters" name="test_trips_group_filter_returns_only_matching_plates" time="0.045" /><testcase classname="backend.tests.test_iteration4.TestTripsFilters" name="test_trips_company_logitrak_and_default" time="0.263" /><testcase classname="backend.tests.test_iteration4.TestExportFilters" name="test_export_pro_with_filters[csv-text/csv]" time="0.052" /><testcase classname="backend.tests.test_iteration4.TestExportFilters" name="test_export_pro_with_filters[xlsx-application/vnd.openxmlformats-officedocument.spreadsheetml.sheet]" time="0.060" /><testcase classname="backend.tests.test_iteration4.TestExportFilters" name="test_export_pro_with_filters[pdf-application/pdf]" time="0.051" /><testcase classname="backend.tests.test_iteration4.TestMaskedPrivacy" name="test_manager_personal_trips_anonymised" time="0.153" /><testcase classname="backend.tests.test_iteration4.TestMaskedPrivacy" name="test_manager_personal_export_csv_aggregate_only" time="0.074" /><testcase classname="backend.tests.test_iteration4.TestMaskedPrivacy" name="test_admin_still_sees_full_details_in_masked_mode" time="0.171" /><testcase classname="backend.tests.test_iteration4.TestVehicleAlwaysPerso" name="test_always_perso_reclassifies" time="0.402"><failure message="AssertionError: expected 0 professional trips after always_perso, got 1&#10;assert 1 == 0&#10; +  where 1 = len([{'auto_classified': False, 'avg_speed': 108.8, 'classification': 'professional', 'created_at': '2026-06-16T09:15:15.711932+00:00', ...}])">backend/tests/test_iteration4.py:240: in test_always_perso_reclassifies
    assert len(pro_trips) == 0, (
E   AssertionError: expected 0 professional trips after always_perso, got 1
E   assert 1 == 0
E    +  where 1 = len([{'auto_classified': False, 'avg_speed': 108.8, 'classification': 'professional', 'created_at': '2026-06-16T09:15:15.711932+00:00', ...}])</failure></testcase></testsuite></testsuites>