<?xml version="1.0" encoding="utf-8"?><testsuites name="pytest tests"><testsuite name="pytest" errors="0" failures="0" skipped="1" tests="30" time="6.500" timestamp="2026-07-31T11:43:17.651465+00:00" hostname="agent-env-3160a72c-78e5-4ffe-a3ce-3daebf36f4a1"><testcase classname="backend.tests.test_iteration22_final_review.TestCriticalAnomalyNotification" name="test_email_off_by_default_in_prefs" time="1.793" /><testcase classname="backend.tests.test_iteration22_final_review.TestCriticalAnomalyNotification" name="test_create_manual_tx_triggers_tank_overflow_and_inapp" time="0.211" /><testcase classname="backend.tests.test_iteration22_final_review.TestCriticalAnomalyNotification" name="test_inbox_has_notification_for_admin" time="0.093" /><testcase classname="backend.tests.test_iteration22_final_review.TestCriticalAnomalyNotification" name="test_rescan_does_not_create_duplicate_notification" time="0.329" /><testcase classname="backend.tests.test_iteration22_final_review.TestInboxRBACMultitenant" name="test_driver_inbox_empty_or_no_admin_notif" time="0.097" /><testcase classname="backend.tests.test_iteration22_final_review.TestInboxRBACMultitenant" name="test_admin_b_inbox_has_no_tenant_default_notifs" time="0.100" /><testcase classname="backend.tests.test_iteration22_final_review.TestInboxRBACMultitenant" name="test_mark_read_cross_tenant_404" time="0.096" /><testcase classname="backend.tests.test_iteration22_final_review.TestInboxRBACMultitenant" name="test_driver_cannot_read_admin_notif" time="0.094" /><testcase classname="backend.tests.test_iteration22_final_review.TestInboxRBACMultitenant" name="test_admin_mark_read_decrements_unread" time="0.296" /><testcase classname="backend.tests.test_iteration22_final_review.TestInboxRBACMultitenant" name="test_mark_all_read" time="0.193" /><testcase classname="backend.tests.test_iteration22_final_review.TestNotifyRolesConfig" name="test_invalid_role_rejected" time="0.100" /><testcase classname="backend.tests.test_iteration22_final_review.TestNotifyRolesConfig" name="test_set_admin_manager_and_verify_manager_notified" time="0.388" /><testcase classname="backend.tests.test_iteration22_final_review.TestNotifyRolesConfig" name="test_reset_notify_roles_to_admin_only" time="0.197" /><testcase classname="backend.tests.test_iteration22_final_review.TestRBACTransversal" name="test_lecture_cannot_create_card" time="0.109" /><testcase classname="backend.tests.test_iteration22_final_review.TestRBACTransversal" name="test_manager_cannot_create_card" time="0.092" /><testcase classname="backend.tests.test_iteration22_final_review.TestRBACTransversal" name="test_driver_cannot_list_all_transactions" time="0.094" /><testcase classname="backend.tests.test_iteration22_final_review.TestRBACTransversal" name="test_driver_cannot_read_other_tx" time="0.110"><skipped type="pytest.xfail" message="KNOWN BUG: user.driver_id missing → RBAC bypass for null-driver TX" /></testcase><testcase classname="backend.tests.test_iteration22_final_review.TestRBACTransversal" name="test_driver_my_transactions_ok" time="0.202" /><testcase classname="backend.tests.test_iteration22_final_review.TestRBACTransversal" name="test_tenant_b_cannot_read_tenant_a_tx" time="0.097" /><testcase classname="backend.tests.test_iteration22_final_review.TestRBACTransversal" name="test_manager_cannot_sync_fx" time="0.095" /><testcase classname="backend.tests.test_iteration22_final_review.TestFXAndWidget" name="test_fx_status_all_read_roles" time="0.331" /><testcase classname="backend.tests.test_iteration22_final_review.TestFXAndWidget" name="test_widget_driver_403" time="0.092" /><testcase classname="backend.tests.test_iteration22_final_review.TestFXAndWidget" name="test_widget_tenant_b_zero" time="0.137" /><testcase classname="backend.tests.test_iteration22_final_review.TestFXAndWidget" name="test_widget_matches_mongo_aggregate" time="0.106" /><testcase classname="backend.tests.test_iteration22_final_review.TestFXAndWidget" name="test_overview_chf_total" time="0.101" /><testcase classname="backend.tests.test_iteration22_final_review.TestStatementsRegression" name="test_list_statements" time="0.094" /><testcase classname="backend.tests.test_iteration22_final_review.TestStatementsRegression" name="test_driver_statements_403" time="0.096" /><testcase classname="backend.tests.test_iteration22_final_review.TestStatementsRegression" name="test_pdf_export_starts_with_pdf" time="0.217" /><testcase classname="backend.tests.test_iteration22_final_review.TestStatementsRegression" name="test_xlsx_and_csv_exports" time="0.335" /><testcase classname="backend.tests.test_iteration22_final_review" name="test_zzz_cleanup" time="0.009" /></testsuite></testsuites>