<?xml version="1.0" encoding="utf-8"?><testsuites name="pytest tests"><testsuite name="pytest" errors="0" failures="0" skipped="0" tests="20" time="3.090" timestamp="2026-06-17T14:01:50.958061+00:00" hostname="agent-env-3160a72c-78e5-4ffe-a3ce-3daebf36f4a1"><testcase classname="tests.test_iteration6_privacy_enforcement.TestEnforcementConfigGet" name="test_admin_can_read" time="0.498" /><testcase classname="tests.test_iteration6_privacy_enforcement.TestEnforcementConfigGet" name="test_manager_can_read" time="0.405" /><testcase classname="tests.test_iteration6_privacy_enforcement.TestEnforcementConfigGet" name="test_unauth_blocked" time="0.144" /><testcase classname="tests.test_iteration6_privacy_enforcement.TestEnforcementConfigPut" name="test_unauth_blocked" time="0.096" /><testcase classname="tests.test_iteration6_privacy_enforcement.TestEnforcementConfigPut" name="test_manager_blocked" time="0.052" /><testcase classname="tests.test_iteration6_privacy_enforcement.TestEnforcementConfigPut" name="test_admin_can_update_and_audit_log" time="0.104" /><testcase classname="tests.test_iteration6_privacy_enforcement.TestEnforceNow" name="test_driver_blocked" time="0.388" /><testcase classname="tests.test_iteration6_privacy_enforcement.TestEnforceNow" name="test_manager_blocked" time="0.054" /><testcase classname="tests.test_iteration6_privacy_enforcement.TestEnforceNow" name="test_admin_simulation_produces_rows" time="0.118" /><testcase classname="tests.test_iteration6_privacy_enforcement.TestEnforceNow" name="test_idempotence_second_call_skips" time="0.671" /><testcase classname="tests.test_iteration6_privacy_enforcement.TestPrivacyState" name="test_admin_state" time="0.055" /><testcase classname="tests.test_iteration6_privacy_enforcement.TestPrivacyState" name="test_manager_can_read" time="0.061" /><testcase classname="tests.test_iteration6_privacy_enforcement.TestPrivacyState" name="test_driver_blocked" time="0.050" /><testcase classname="tests.test_iteration6_privacy_enforcement.TestKillSwitch" name="test_driver_blocked" time="0.049" /><testcase classname="tests.test_iteration6_privacy_enforcement.TestKillSwitch" name="test_manager_blocked" time="0.052" /><testcase classname="tests.test_iteration6_privacy_enforcement.TestKillSwitch" name="test_admin_no_targets" time="0.053" /><testcase classname="tests.test_iteration6_privacy_enforcement.TestComputeExpectedState" name="test_unit_logic" time="0.036" /><testcase classname="tests.test_iteration6_privacy_enforcement.TestSafetyAST" name="test_send_raw_command_not_called_in_simulation_branch" time="0.005" /><testcase classname="tests.test_iteration6_privacy_enforcement.TestSafetyAST" name="test_no_navixy_url_hardcoded_in_enforcer" time="0.000" /><testcase classname="tests.test_iteration6_privacy_enforcement.TestSchedulerJobRegistered" name="test_log_mentions_privacy_job" time="0.111" /></testsuite></testsuites>