<?xml version="1.0" encoding="utf-8"?><testsuites name="pytest tests"><testsuite name="pytest" errors="0" failures="0" skipped="0" tests="19" time="17.016" timestamp="2026-06-16T12:03:07.998856+00:00" hostname="agent-env-3160a72c-78e5-4ffe-a3ce-3daebf36f4a1"><testcase classname="backend.tests.test_iteration3.TestScheduler" name="test_get_state_shape" time="0.412" /><testcase classname="backend.tests.test_iteration3.TestScheduler" name="test_manager_can_get" time="0.373" /><testcase classname="backend.tests.test_iteration3.TestScheduler" name="test_manager_cannot_put" time="0.044" /><testcase classname="backend.tests.test_iteration3.TestScheduler" name="test_disable_clears_next_run" time="0.049" /><testcase classname="backend.tests.test_iteration3.TestScheduler" name="test_enable_sets_next_run" time="0.045" /><testcase classname="backend.tests.test_iteration3.TestScheduler" name="test_validation_zero_interval" time="0.043" /><testcase classname="backend.tests.test_iteration3.TestScheduler" name="test_validation_days_too_large" time="0.047" /><testcase classname="backend.tests.test_iteration3.TestScheduler" name="test_run_now_admin" time="11.338" /><testcase classname="backend.tests.test_iteration3.TestScheduler" name="test_run_now_manager_forbidden" time="0.047" /><testcase classname="backend.tests.test_iteration3.TestAssignments" name="test_list_initial" time="0.043" /><testcase classname="backend.tests.test_iteration3.TestAssignments" name="test_create_assignment_primary" time="0.600" /><testcase classname="backend.tests.test_iteration3.TestAssignments" name="test_primary_uniqueness" time="0.569" /><testcase classname="backend.tests.test_iteration3.TestAssignments" name="test_driver_cannot_post" time="0.438" /><testcase classname="backend.tests.test_iteration3.TestAssignments" name="test_driver_cannot_delete" time="0.052" /><testcase classname="backend.tests.test_iteration3.TestAssignments" name="test_delete_assignment" time="0.635" /><testcase classname="backend.tests.test_iteration3.TestDriverMultiVehicle" name="test_driver_sees_own_assignments_only" time="0.045" /><testcase classname="backend.tests.test_iteration3.TestDriverMultiVehicle" name="test_multi_vehicle_visibility" time="1.461" /><testcase classname="backend.tests.test_iteration3.TestZRestoreState" name="test_zz_restore_scheduler" time="0.044" /><testcase classname="backend.tests.test_iteration3.TestZRestoreState" name="test_zz_cleanup_test_assignments" time="0.670" /></testsuite></testsuites>