<?xml version="1.0" encoding="utf-8"?><testsuites name="pytest tests"><testsuite name="pytest" errors="0" failures="0" skipped="0" tests="32" time="5.765" timestamp="2026-06-17T15:30:43.142514+00:00" hostname="agent-env-3160a72c-78e5-4ffe-a3ce-3daebf36f4a1"><testcase classname="tests.test_iteration8_ble.TestBleTagsCRUD" name="test_admin_upsert_bus35_tag" time="0.667" /><testcase classname="tests.test_iteration8_ble.TestBleTagsCRUD" name="test_get_tags_admin" time="0.047" /><testcase classname="tests.test_iteration8_ble.TestBleTagsCRUD" name="test_get_tags_manager_ok" time="0.377" /><testcase classname="tests.test_iteration8_ble.TestBleTagsCRUD" name="test_manager_cannot_post_tag" time="0.045" /><testcase classname="tests.test_iteration8_ble.TestBleTagsCRUD" name="test_driver_blocked_get_tag" time="0.422" /><testcase classname="tests.test_iteration8_ble.TestBleTagsCRUD" name="test_admin_delete_then_recreate" time="0.199" /><testcase classname="tests.test_iteration8_ble.TestBleDetections" name="test_driver_send_5_detections_opens_session" time="2.302" /><testcase classname="tests.test_iteration8_ble.TestBleDetections" name="test_admin_can_see_session" time="0.115" /><testcase classname="tests.test_iteration8_ble.TestBleDetections" name="test_rssi_below_floor_ignored" time="0.053" /><testcase classname="tests.test_iteration8_ble.TestBleDetections" name="test_unknown_tag_ignored" time="0.055" /><testcase classname="tests.test_iteration8_ble.TestDriverManualMode" name="test_personal_override" time="0.057" /><testcase classname="tests.test_iteration8_ble.TestDriverManualMode" name="test_professional_override" time="0.061" /><testcase classname="tests.test_iteration8_ble.TestDriverManualMode" name="test_invalid_mode" time="0.048" /><testcase classname="tests.test_iteration8_ble.TestDriverManualMode" name="test_disabled_returns_403" time="0.160" /><testcase classname="tests.test_iteration8_ble.TestClassifyCascade" name="test_mobile_override_beats_everything" time="0.001" /><testcase classname="tests.test_iteration8_ble.TestClassifyCascade" name="test_vehicle_mode_when_no_override" time="0.000" /><testcase classname="tests.test_iteration8_ble.TestClassifyCascade" name="test_geofence_when_no_mobile_and_no_vehicle_mode" time="0.000" /><testcase classname="tests.test_iteration8_ble.TestClassifyCascade" name="test_schedule_fallback_work_hours" time="0.000" /><testcase classname="tests.test_iteration8_ble.TestClassifyCascade" name="test_schedule_fallback_weekend" time="0.000" /><testcase classname="tests.test_iteration8_ble.TestBleSimulate" name="test_admin_simulate" time="0.055" /><testcase classname="tests.test_iteration8_ble.TestBleSimulate" name="test_manager_simulate_forbidden" time="0.049" /><testcase classname="tests.test_iteration8_ble.TestSessionsAdmin" name="test_list_sessions_with_filter" time="0.053" /><testcase classname="tests.test_iteration8_ble.TestSessionsAdmin" name="test_driver_cannot_list_sessions" time="0.051" /><testcase classname="tests.test_iteration8_ble.TestSessionsAdmin" name="test_amend_session_admin_then_manager" time="0.208" /><testcase classname="tests.test_iteration8_ble.TestSessionsAdmin" name="test_dashboard_kpis" time="0.055" /><testcase classname="tests.test_iteration8_ble.TestSessionsAdmin" name="test_dashboard_driver_forbidden" time="0.057" /><testcase classname="tests.test_iteration8_ble.TestBleSettings" name="test_get_settings_admin" time="0.049" /><testcase classname="tests.test_iteration8_ble.TestBleSettings" name="test_get_settings_manager" time="0.050" /><testcase classname="tests.test_iteration8_ble.TestBleSettings" name="test_put_settings_manager_forbidden" time="0.048" /><testcase classname="tests.test_iteration8_ble.TestPrivacyInvariant" name="test_masked_mode_keeps_personal_masked" time="0.265" /><testcase classname="tests.test_iteration8_ble.TestPrivacyInvariant" name="test_ble_sessions_not_masked" time="0.051" /><testcase classname="tests.test_iteration8_ble.TestDriverCurrentSession" name="test_driver_can_query_current_session" time="0.052" /></testsuite></testsuites>