<?xml version="1.0" encoding="utf-8"?><testsuites name="pytest tests"><testsuite name="pytest" errors="0" failures="0" skipped="0" tests="14" time="7.606" timestamp="2026-07-21T10:18:38.829481+00:00" hostname="agent-env-3160a72c-78e5-4ffe-a3ce-3daebf36f4a1"><testcase classname="backend.tests.test_multitenant" name="test_superadmin_me_has_role" time="0.442" /><testcase classname="backend.tests.test_multitenant" name="test_bad_login_creates_audit" time="0.733" /><testcase classname="backend.tests.test_multitenant" name="test_admin_tenants_list" time="0.108" /><testcase classname="backend.tests.test_multitenant" name="test_admin_tenants_forbidden_for_normal_admin" time="0.417" /><testcase classname="backend.tests.test_multitenant" name="test_admin_users_forbidden_for_normal_admin" time="0.100" /><testcase classname="backend.tests.test_multitenant" name="test_tenant_create_edit_and_default_cannot_be_suspended" time="2.767" /><testcase classname="backend.tests.test_multitenant" name="test_admin_users_crud" time="1.631" /><testcase classname="backend.tests.test_multitenant" name="test_superadmin_cannot_be_deleted" time="0.200" /><testcase classname="backend.tests.test_multitenant" name="test_isolation_fines_admin_b_sees_only_own" time="0.441" /><testcase classname="backend.tests.test_multitenant" name="test_isolation_users_admin_b_sees_only_own" time="0.091" /><testcase classname="backend.tests.test_multitenant" name="test_admin_a_still_sees_all_data" time="0.217" /><testcase classname="backend.tests.test_multitenant" name="test_direct_access_to_other_tenant_fine_returns_404" time="0.184" /><testcase classname="backend.tests.test_multitenant" name="test_superadmin_can_view_as_tenant" time="0.095" /><testcase classname="backend.tests.test_multitenant" name="test_audit_endpoint_filters" time="0.092" /></testsuite></testsuites>