<?xml version="1.0" encoding="utf-8"?><testsuites name="pytest tests"><testsuite name="pytest" errors="0" failures="0" skipped="0" tests="49" time="9.200" timestamp="2026-06-18T12:39:17.318267+00:00" hostname="agent-env-3160a72c-78e5-4ffe-a3ce-3daebf36f4a1"><testcase classname="tests.test_notifications.TestNotificationsCatalog" name="test_catalog_lists_known_events" time="0.418" /><testcase classname="tests.test_notifications.TestNotificationsCatalog" name="test_catalog_each_entry_has_required_fields" time="0.041" /><testcase classname="tests.test_notifications.TestNotificationsCatalog" name="test_catalog_requires_auth" time="0.098" /><testcase classname="tests.test_notifications.TestNotificationsPrefs" name="test_get_default_prefs" time="0.419" /><testcase classname="tests.test_notifications.TestNotificationsPrefs" name="test_put_prefs_merges" time="0.097" /><testcase classname="tests.test_notifications.TestNotificationsPrefs" name="test_put_prefs_filters_unknown_event" time="0.097" /><testcase classname="tests.test_notifications.TestNotificationsPrefs" name="test_prefs_requires_auth" time="0.140" /><testcase classname="tests.test_notifications.TestNotificationsTestEndpoint" name="test_admin_can_trigger_test_event" time="0.042" /><testcase classname="tests.test_notifications.TestNotificationsTestEndpoint" name="test_manager_cannot_trigger_test_event" time="0.360" /><testcase classname="tests.test_notifications.TestNotificationsTestEndpoint" name="test_driver_cannot_trigger_test_event" time="0.048" /><testcase classname="tests.test_notifications.TestNotificationsTestEndpoint" name="test_test_event_requires_event_name" time="0.040" /><testcase classname="tests.test_notifications.TestNotificationsTestEndpoint" name="test_kill_switch_template" time="0.044" /><testcase classname="tests.test_notifications.TestNotificationsTestEndpoint" name="test_business_event_template" time="0.053" /><testcase classname="tests.test_notifications" name="test_expo_push_skips_invalid_tokens" time="0.047" /><testcase classname="tests.test_notifications" name="test_expo_push_handles_success_and_dead_tokens" time="0.035" /><testcase classname="tests.test_notifications" name="test_expo_push_swallows_http_failure" time="0.020" /><testcase classname="tests.test_notifications.TestDispatcherWiring" name="test_conflict_writes_notifications_log" time="1.791" /><testcase classname="tests.test_iteration8_ble.TestBleTagsCRUD" name="test_admin_upsert_bus35_tag" time="0.434" /><testcase classname="tests.test_iteration8_ble.TestBleTagsCRUD" name="test_get_tags_admin" time="0.048" /><testcase classname="tests.test_iteration8_ble.TestBleTagsCRUD" name="test_get_tags_manager_ok" time="0.366" /><testcase classname="tests.test_iteration8_ble.TestBleTagsCRUD" name="test_manager_cannot_post_tag" time="0.043" /><testcase classname="tests.test_iteration8_ble.TestBleTagsCRUD" name="test_driver_blocked_get_tag" time="0.384" /><testcase classname="tests.test_iteration8_ble.TestBleTagsCRUD" name="test_admin_delete_then_recreate" time="0.197" /><testcase classname="tests.test_iteration8_ble.TestBleDetections" name="test_driver_send_5_detections_opens_session" time="2.274" /><testcase classname="tests.test_iteration8_ble.TestBleDetections" name="test_admin_can_see_session" time="0.113" /><testcase classname="tests.test_iteration8_ble.TestBleDetections" name="test_rssi_below_floor_ignored" time="0.048" /><testcase classname="tests.test_iteration8_ble.TestBleDetections" name="test_unknown_tag_ignored" time="0.051" /><testcase classname="tests.test_iteration8_ble.TestDriverManualMode" name="test_personal_override" time="0.054" /><testcase classname="tests.test_iteration8_ble.TestDriverManualMode" name="test_professional_override" time="0.056" /><testcase classname="tests.test_iteration8_ble.TestDriverManualMode" name="test_invalid_mode" time="0.051" /><testcase classname="tests.test_iteration8_ble.TestDriverManualMode" name="test_disabled_returns_403" time="0.148" /><testcase classname="tests.test_iteration8_ble.TestClassifyCascade" name="test_mobile_override_beats_everything" time="0.001" /><testcase classname="tests.test_iteration8_ble.TestClassifyCascade" name="test_vehicle_mode_when_no_override" time="0.000" /><testcase classname="tests.test_iteration8_ble.TestClassifyCascade" name="test_geofence_when_no_mobile_and_no_vehicle_mode" time="0.000" /><testcase classname="tests.test_iteration8_ble.TestClassifyCascade" name="test_schedule_fallback_work_hours" time="0.000" /><testcase classname="tests.test_iteration8_ble.TestClassifyCascade" name="test_schedule_fallback_weekend" time="0.000" /><testcase classname="tests.test_iteration8_ble.TestBleSimulate" name="test_admin_simulate" time="0.054" /><testcase classname="tests.test_iteration8_ble.TestBleSimulate" name="test_manager_simulate_forbidden" time="0.052" /><testcase classname="tests.test_iteration8_ble.TestSessionsAdmin" name="test_list_sessions_with_filter" time="0.047" /><testcase classname="tests.test_iteration8_ble.TestSessionsAdmin" name="test_driver_cannot_list_sessions" time="0.049" /><testcase classname="tests.test_iteration8_ble.TestSessionsAdmin" name="test_amend_session_admin_then_manager" time="0.215" /><testcase classname="tests.test_iteration8_ble.TestSessionsAdmin" name="test_dashboard_kpis" time="0.083" /><testcase classname="tests.test_iteration8_ble.TestSessionsAdmin" name="test_dashboard_driver_forbidden" time="0.048" /><testcase classname="tests.test_iteration8_ble.TestBleSettings" name="test_get_settings_admin" time="0.051" /><testcase classname="tests.test_iteration8_ble.TestBleSettings" name="test_get_settings_manager" time="0.048" /><testcase classname="tests.test_iteration8_ble.TestBleSettings" name="test_put_settings_manager_forbidden" time="0.044" /><testcase classname="tests.test_iteration8_ble.TestPrivacyInvariant" name="test_masked_mode_keeps_personal_masked" time="0.230" /><testcase classname="tests.test_iteration8_ble.TestPrivacyInvariant" name="test_ble_sessions_not_masked" time="0.074" /><testcase classname="tests.test_iteration8_ble.TestDriverCurrentSession" name="test_driver_can_query_current_session" time="0.053" /></testsuite></testsuites>