<?xml version="1.0" encoding="utf-8"?><testsuites name="pytest tests"><testsuite name="pytest" errors="0" failures="0" skipped="0" tests="34" time="9.647" timestamp="2026-06-18T12:39:02.769201+00:00" hostname="agent-env-3160a72c-78e5-4ffe-a3ce-3daebf36f4a1"><testcase classname="tests.test_phase_a_regression.TestAuthRefresh" name="test_login_returns_refresh_token" time="0.350" /><testcase classname="tests.test_phase_a_regression.TestAuthRefresh" name="test_refresh_with_body_token_succeeds" time="0.143" /><testcase classname="tests.test_phase_a_regression.TestAuthRefresh" name="test_refresh_rotates_token" time="1.361" /><testcase classname="tests.test_phase_a_regression.TestAuthRefresh" name="test_refresh_with_invalid_token" time="0.092" /><testcase classname="tests.test_phase_a_regression.TestAuthRefresh" name="test_refresh_missing_token" time="0.093" /><testcase classname="tests.test_phase_a_regression.TestAuthRefresh" name="test_refresh_with_expired_token" time="0.119" /><testcase classname="tests.test_phase_a_regression.TestAuthRefresh" name="test_refresh_wrong_token_type" time="0.094" /><testcase classname="tests.test_phase_a_regression.TestAuthRefresh" name="test_access_token_works_after_refresh" time="0.254" /><testcase classname="tests.test_phase_a_regression.TestPushToken" name="test_register_token_driver" time="0.171" /><testcase classname="tests.test_phase_a_regression.TestPushToken" name="test_register_idempotent_update" time="0.253" /><testcase classname="tests.test_phase_a_regression.TestPushToken" name="test_register_token_invalid_short" time="0.202" /><testcase classname="tests.test_phase_a_regression.TestPushToken" name="test_unauthenticated_rejected" time="0.275" /><testcase classname="tests.test_phase_a_regression.TestPushToken" name="test_delete_token" time="0.252" /><testcase classname="tests.test_phase_a_regression.TestPushToken" name="test_delete_unknown_token_404" time="0.286" /><testcase classname="tests.test_phase_a_regression.TestPushToken" name="test_admin_can_also_register" time="0.564" /><testcase classname="tests.test_phase_a_regression.TestBleConflict" name="test_admin_can_simulate_two_drivers_on_same_vehicle" time="1.096" /><testcase classname="tests.test_phase_a_regression.TestBleConflict" name="test_conflict_flagged_on_sessions" time="0.569" /><testcase classname="tests.test_phase_a_regression.TestBleConflict" name="test_manager_cannot_resolve" time="0.467" /><testcase classname="tests.test_phase_a_regression.TestBleConflict" name="test_driver_cannot_resolve" time="0.115" /><testcase classname="tests.test_phase_a_regression.TestBleConflict" name="test_admin_resolves_conflict" time="0.184" /><testcase classname="tests.test_phase_a_regression.TestBleConflict" name="test_resolve_missing_winner_returns_400" time="0.101" /><testcase classname="tests.test_phase_a_regression.TestRealtimeWebSocket" name="test_unauthenticated_ws_closes" time="0.156" /><testcase classname="tests.test_phase_a_regression.TestRealtimeWebSocket" name="test_admin_receives_conflict_detected" time="1.046" /><testcase classname="tests.test_phase_a_regression.TestRealtimeWebSocket" name="test_admin_receives_conflict_resolved" time="0.275" /><testcase classname="tests.test_phase_a_regression.TestNonRegression" name="test_auth_me" time="0.048" /><testcase classname="tests.test_phase_a_regression.TestNonRegression" name="test_livre_dashboard" time="0.090" /><testcase classname="tests.test_phase_a_regression.TestNonRegression" name="test_livre_trips" time="0.110" /><testcase classname="tests.test_phase_a_regression.TestNonRegression" name="test_livre_drivers" time="0.049" /><testcase classname="tests.test_phase_a_regression.TestNonRegression" name="test_livre_vehicles" time="0.053" /><testcase classname="tests.test_phase_a_regression.TestNonRegression" name="test_ble_sessions_admin" time="0.055" /><testcase classname="tests.test_phase_a_regression.TestNonRegression" name="test_ble_dashboard" time="0.058" /><testcase classname="tests.test_phase_a_regression.TestNonRegression" name="test_driver_current_session_still_works" time="0.043" /><testcase classname="tests.test_phase_a_regression.TestNonRegression" name="test_driver_manual_mode_still_works" time="0.044" /><testcase classname="tests.test_phase_a_regression.TestNonRegression" name="test_logout_then_me_returns_401" time="0.472" /></testsuite></testsuites>