<?xml version="1.0" encoding="utf-8"?><testsuites name="pytest tests"><testsuite name="pytest" errors="0" failures="1" skipped="0" tests="22" time="5.046" timestamp="2026-06-16T09:13:52.981150+00:00" hostname="agent-env-3160a72c-78e5-4ffe-a3ce-3daebf36f4a1"><testcase classname="backend.tests.test_livre_de_bord.TestAuth" name="test_health" time="0.162" /><testcase classname="backend.tests.test_livre_de_bord.TestAuth" name="test_login_admin" time="0.329" /><testcase classname="backend.tests.test_livre_de_bord.TestAuth" name="test_login_manager" time="0.335" /><testcase classname="backend.tests.test_livre_de_bord.TestAuth" name="test_login_driver" time="0.318" /><testcase classname="backend.tests.test_livre_de_bord.TestAuth" name="test_login_invalid" time="0.319" /><testcase classname="backend.tests.test_livre_de_bord.TestAuth" name="test_me" time="0.396" /><testcase classname="backend.tests.test_livre_de_bord.TestAuth" name="test_logout" time="0.407" /><testcase classname="backend.tests.test_livre_de_bord.TestRoles" name="test_driver_cannot_update_settings" time="0.382" /><testcase classname="backend.tests.test_livre_de_bord.TestRoles" name="test_driver_cannot_classify" time="0.100" /><testcase classname="backend.tests.test_livre_de_bord.TestRoles" name="test_manager_can_update_settings" time="0.424" /><testcase classname="backend.tests.test_livre_de_bord.TestDriverVisibility" name="test_driver_only_sees_own_trips" time="0.050"><failure message="AssertionError: driver should have trips&#10;assert []">E   AssertionError: driver should have trips
    assert []</failure></testcase><testcase classname="backend.tests.test_livre_de_bord.TestDashboard" name="test_dashboard_kpis" time="0.047" /><testcase classname="backend.tests.test_livre_de_bord.TestTrips" name="test_filter_professional" time="0.062" /><testcase classname="backend.tests.test_livre_de_bord.TestTrips" name="test_filter_personal" time="0.054" /><testcase classname="backend.tests.test_livre_de_bord.TestClassify" name="test_flip_pro_to_personal" time="0.234" /><testcase classname="backend.tests.test_livre_de_bord.TestSettings" name="test_modes_and_reapply" time="0.532" /><testcase classname="backend.tests.test_livre_de_bord.TestSettings" name="test_mode_b_masks_personal_for_manager" time="0.271" /><testcase classname="backend.tests.test_livre_de_bord.TestVehicleMode" name="test_always_pro_override" time="0.225" /><testcase classname="backend.tests.test_livre_de_bord.TestReports" name="test_export_pdf" time="0.128" /><testcase classname="backend.tests.test_livre_de_bord.TestReports" name="test_export_xlsx" time="0.097" /><testcase classname="backend.tests.test_livre_de_bord.TestReports" name="test_export_csv" time="0.043" /><testcase classname="backend.tests.test_livre_de_bord.TestReports" name="test_tax_swiss" time="0.054" /></testsuite></testsuites>